13-Jul-2025 16:57:12.166 INFO [main] org.apache.catalina.startup.VersionLoggerListener.log Nombre de la versión del servidor: Apache Tomcat/9.0.107
13-Jul-2025 16:57:12.177 INFO [main] org.apache.catalina.startup.VersionLoggerListener.log Server built:                      Jul 2 2025 07:01:03 UTC
13-Jul-2025 16:57:12.177 INFO [main] org.apache.catalina.startup.VersionLoggerListener.log Número de versión de servidor:     9.0.107.0
13-Jul-2025 16:57:12.177 INFO [main] org.apache.catalina.startup.VersionLoggerListener.log OS Name:                           Windows 11
13-Jul-2025 16:57:12.177 INFO [main] org.apache.catalina.startup.VersionLoggerListener.log Versión de Systema Operativo:      10.0
13-Jul-2025 16:57:12.177 INFO [main] org.apache.catalina.startup.VersionLoggerListener.log Arquitectura:                      amd64
13-Jul-2025 16:57:12.177 INFO [main] org.apache.catalina.startup.VersionLoggerListener.log Java Home:                         C:\Program Files\Java\jdk-17
13-Jul-2025 16:57:12.177 INFO [main] org.apache.catalina.startup.VersionLoggerListener.log JVM Version:                       17.0.11+7-LTS-207
13-Jul-2025 16:57:12.177 INFO [main] org.apache.catalina.startup.VersionLoggerListener.log Vededor JVM:                       Oracle Corporation
13-Jul-2025 16:57:12.177 INFO [main] org.apache.catalina.startup.VersionLoggerListener.log CATALINA_BASE:                     C:\Users\Hp\Downloads\drivers\apache-tomcat-9.0.107-windows-x64\apache-tomcat-9.0.107
13-Jul-2025 16:57:12.177 INFO [main] org.apache.catalina.startup.VersionLoggerListener.log CATALINA_HOME:                     C:\Users\Hp\Downloads\drivers\apache-tomcat-9.0.107-windows-x64\apache-tomcat-9.0.107
13-Jul-2025 16:57:12.224 INFO [main] org.apache.catalina.startup.VersionLoggerListener.log Command line argument:             --add-opens=java.base/java.lang=ALL-UNNAMED
13-Jul-2025 16:57:12.224 INFO [main] org.apache.catalina.startup.VersionLoggerListener.log Command line argument:             --add-opens=java.base/java.lang.invoke=ALL-UNNAMED
13-Jul-2025 16:57:12.224 INFO [main] org.apache.catalina.startup.VersionLoggerListener.log Command line argument:             --add-opens=java.base/java.lang.reflect=ALL-UNNAMED
13-Jul-2025 16:57:12.224 INFO [main] org.apache.catalina.startup.VersionLoggerListener.log Command line argument:             --add-opens=java.base/java.io=ALL-UNNAMED
13-Jul-2025 16:57:12.224 INFO [main] org.apache.catalina.startup.VersionLoggerListener.log Command line argument:             --add-opens=java.base/java.util=ALL-UNNAMED
13-Jul-2025 16:57:12.224 INFO [main] org.apache.catalina.startup.VersionLoggerListener.log Command line argument:             --add-opens=java.base/java.util.concurrent=ALL-UNNAMED
13-Jul-2025 16:57:12.224 INFO [main] org.apache.catalina.startup.VersionLoggerListener.log Command line argument:             --add-opens=java.rmi/sun.rmi.transport=ALL-UNNAMED
13-Jul-2025 16:57:12.224 INFO [main] org.apache.catalina.startup.VersionLoggerListener.log Command line argument:             -Djava.util.logging.config.file=C:\Users\Hp\Downloads\drivers\apache-tomcat-9.0.107-windows-x64\apache-tomcat-9.0.107\conf\logging.properties
13-Jul-2025 16:57:12.224 INFO [main] org.apache.catalina.startup.VersionLoggerListener.log Command line argument:             -Djava.util.logging.manager=org.apache.juli.ClassLoaderLogManager
13-Jul-2025 16:57:12.224 INFO [main] org.apache.catalina.startup.VersionLoggerListener.log Command line argument:             -Djdk.tls.ephemeralDHKeySize=2048
13-Jul-2025 16:57:12.224 INFO [main] org.apache.catalina.startup.VersionLoggerListener.log Command line argument:             -Djava.protocol.handler.pkgs=org.apache.catalina.webresources
13-Jul-2025 16:57:12.224 INFO [main] org.apache.catalina.startup.VersionLoggerListener.log Command line argument:             -Dsun.io.useCanonCaches=false
13-Jul-2025 16:57:12.224 INFO [main] org.apache.catalina.startup.VersionLoggerListener.log Command line argument:             -Dignore.endorsed.dirs=
13-Jul-2025 16:57:12.224 INFO [main] org.apache.catalina.startup.VersionLoggerListener.log Command line argument:             -Dcatalina.base=C:\Users\Hp\Downloads\drivers\apache-tomcat-9.0.107-windows-x64\apache-tomcat-9.0.107
13-Jul-2025 16:57:12.224 INFO [main] org.apache.catalina.startup.VersionLoggerListener.log Command line argument:             -Dcatalina.home=C:\Users\Hp\Downloads\drivers\apache-tomcat-9.0.107-windows-x64\apache-tomcat-9.0.107
13-Jul-2025 16:57:12.224 INFO [main] org.apache.catalina.startup.VersionLoggerListener.log Command line argument:             -Djava.io.tmpdir=C:\Users\Hp\Downloads\drivers\apache-tomcat-9.0.107-windows-x64\apache-tomcat-9.0.107\temp
13-Jul-2025 16:57:12.242 INFO [main] org.apache.catalina.core.AprLifecycleListener.lifecycleEvent Cargada la biblioteca nativa APR de Apache Tomcat [1.3.1] con la versión APR [1.7.4].
13-Jul-2025 16:57:12.243 INFO [main] org.apache.catalina.core.AprLifecycleListener.lifecycleEvent Capacidades APR: IPv6 [true], enviar fichero [true], aceptar filtros [false], aleatorio [true], UDS [true].
13-Jul-2025 16:57:12.243 INFO [main] org.apache.catalina.core.AprLifecycleListener.lifecycleEvent APR/OpenSSL configuration: useAprConnector [false], useOpenSSL [true]
13-Jul-2025 16:57:12.284 INFO [main] org.apache.catalina.core.AprLifecycleListener.initializeSSL OpenSSL inicializado correctamente [OpenSSL 3.0.14 4 Jun 2024]
13-Jul-2025 16:57:13.017 INFO [main] org.apache.coyote.AbstractProtocol.init Inicializando el manejador de protocolo ["http-nio-8080"]

13-Jul-2025 16:57:13.091 INFO [main] org.apache.catalina.startup.Catalina.load Server initialization in [1543] milliseconds
13-Jul-2025 16:57:13.222 INFO [main] org.apache.catalina.core.StandardService.startInternal Arrancando servicio [Catalina]
13-Jul-2025 16:57:13.223 INFO [main] org.apache.catalina.core.StandardEngine.startInternal Starting Servlet engine: [Apache Tomcat/9.0.107]
13-Jul-2025 16:57:13.249 INFO [main] org.apache.catalina.startup.HostConfig.deployDescriptor Desplieque del descriptor de configuración [C:\Users\Hp\Downloads\drivers\apache-tomcat-9.0.107-windows-x64\apache-tomcat-9.0.107\conf\Catalina\localhost\metro-linea1.xml]
13-Jul-2025 16:57:13.281 WARNING [main] org.apache.catalina.startup.HostConfig.deployDescriptor The path attribute with value [/metro-linea1] in deployment descriptor [C:\Users\Hp\Downloads\drivers\apache-tomcat-9.0.107-windows-x64\apache-tomcat-9.0.107\conf\Catalina\localhost\metro-linea1.xml] has been ignored
13-Jul-2025 16:57:15.752 INFO [main] org.apache.jasper.servlet.TldScanner.scanJars Al menos un JAR, que se ha explorado buscando TLDs, aún no contenía TLDs. Activar historial de depuración para este historiador para una completa lista de los JARs que fueron explorados y de los que nos se halló TLDs. Saltarse JARs no necesarios durante la exploración puede dar lugar a una mejora de tiempo significativa en el arranque y compilación de JSP .
13-Jul-2025 16:57:16.013 INFO [main] org.apache.catalina.startup.HostConfig.deployDescriptor Deployment of deployment descriptor [C:\Users\Hp\Downloads\drivers\apache-tomcat-9.0.107-windows-x64\apache-tomcat-9.0.107\conf\Catalina\localhost\metro-linea1.xml] has finished in [2.759] ms
13-Jul-2025 16:57:16.014 INFO [main] org.apache.catalina.startup.HostConfig.deployDirectory Desplegando el directorio [C:\Users\Hp\Downloads\drivers\apache-tomcat-9.0.107-windows-x64\apache-tomcat-9.0.107\webapps\docs] de la aplicación web
13-Jul-2025 16:57:16.093 INFO [main] org.apache.catalina.startup.HostConfig.deployDirectory Deployment of web application directory [C:\Users\Hp\Downloads\drivers\apache-tomcat-9.0.107-windows-x64\apache-tomcat-9.0.107\webapps\docs] has finished in [79] ms
13-Jul-2025 16:57:16.093 INFO [main] org.apache.catalina.startup.HostConfig.deployDirectory Desplegando el directorio [C:\Users\Hp\Downloads\drivers\apache-tomcat-9.0.107-windows-x64\apache-tomcat-9.0.107\webapps\examples] de la aplicación web
13-Jul-2025 16:57:17.229 INFO [main] org.apache.catalina.startup.HostConfig.deployDirectory Deployment of web application directory [C:\Users\Hp\Downloads\drivers\apache-tomcat-9.0.107-windows-x64\apache-tomcat-9.0.107\webapps\examples] has finished in [1.135] ms
13-Jul-2025 16:57:17.229 INFO [main] org.apache.catalina.startup.HostConfig.deployDirectory Desplegando el directorio [C:\Users\Hp\Downloads\drivers\apache-tomcat-9.0.107-windows-x64\apache-tomcat-9.0.107\webapps\host-manager] de la aplicación web
13-Jul-2025 16:57:17.380 INFO [main] org.apache.catalina.startup.HostConfig.deployDirectory Deployment of web application directory [C:\Users\Hp\Downloads\drivers\apache-tomcat-9.0.107-windows-x64\apache-tomcat-9.0.107\webapps\host-manager] has finished in [151] ms
13-Jul-2025 16:57:17.381 INFO [main] org.apache.catalina.startup.HostConfig.deployDirectory Desplegando el directorio [C:\Users\Hp\Downloads\drivers\apache-tomcat-9.0.107-windows-x64\apache-tomcat-9.0.107\webapps\manager] de la aplicación web
13-Jul-2025 16:57:17.482 INFO [main] org.apache.catalina.startup.HostConfig.deployDirectory Deployment of web application directory [C:\Users\Hp\Downloads\drivers\apache-tomcat-9.0.107-windows-x64\apache-tomcat-9.0.107\webapps\manager] has finished in [101] ms
13-Jul-2025 16:57:17.483 INFO [main] org.apache.catalina.startup.HostConfig.deployDirectory Desplegando el directorio [C:\Users\Hp\Downloads\drivers\apache-tomcat-9.0.107-windows-x64\apache-tomcat-9.0.107\webapps\ROOT] de la aplicación web
13-Jul-2025 16:57:17.579 INFO [main] org.apache.catalina.startup.HostConfig.deployDirectory Deployment of web application directory [C:\Users\Hp\Downloads\drivers\apache-tomcat-9.0.107-windows-x64\apache-tomcat-9.0.107\webapps\ROOT] has finished in [97] ms
13-Jul-2025 16:57:17.593 INFO [main] org.apache.coyote.AbstractProtocol.start Starting ProtocolHandler ["http-nio-8080"]
13-Jul-2025 16:57:17.742 INFO [main] org.apache.catalina.startup.Catalina.start Server startup in [4650] milliseconds
13-Jul-2025 16:57:27.616 INFO [Catalina-utility-2] org.apache.catalina.startup.HostConfig.reload Falló la recarga del contexto [/metro-linea1]
13-Jul-2025 16:57:27.616 INFO [Catalina-utility-2] org.apache.catalina.core.StandardContext.reload Ha comenzado la recarga de Contexto [/metro-linea1]
13-Jul-2025 16:57:28.140 INFO [Catalina-utility-2] org.apache.jasper.servlet.TldScanner.scanJars Al menos un JAR, que se ha explorado buscando TLDs, aún no contenía TLDs. Activar historial de depuración para este historiador para una completa lista de los JARs que fueron explorados y de los que nos se halló TLDs. Saltarse JARs no necesarios durante la exploración puede dar lugar a una mejora de tiempo significativa en el arranque y compilación de JSP .
13-Jul-2025 16:57:28.173 INFO [Catalina-utility-2] org.apache.catalina.core.StandardContext.reload Se ha completado la recarga de este Contexto
13-Jul-2025 20:53:41.057 INFO [main] org.apache.catalina.startup.VersionLoggerListener.log Nombre de la versión del servidor: Apache Tomcat/9.0.107
13-Jul-2025 20:53:41.069 INFO [main] org.apache.catalina.startup.VersionLoggerListener.log Server built:                      Jul 2 2025 07:01:03 UTC
13-Jul-2025 20:53:41.070 INFO [main] org.apache.catalina.startup.VersionLoggerListener.log Número de versión de servidor:     9.0.107.0
13-Jul-2025 20:53:41.070 INFO [main] org.apache.catalina.startup.VersionLoggerListener.log OS Name:                           Windows 11
13-Jul-2025 20:53:41.070 INFO [main] org.apache.catalina.startup.VersionLoggerListener.log Versión de Systema Operativo:      10.0
13-Jul-2025 20:53:41.072 INFO [main] org.apache.catalina.startup.VersionLoggerListener.log Arquitectura:                      amd64
13-Jul-2025 20:53:41.072 INFO [main] org.apache.catalina.startup.VersionLoggerListener.log Java Home:                         C:\Program Files\Java\jdk-17
13-Jul-2025 20:53:41.073 INFO [main] org.apache.catalina.startup.VersionLoggerListener.log JVM Version:                       17.0.11+7-LTS-207
13-Jul-2025 20:53:41.073 INFO [main] org.apache.catalina.startup.VersionLoggerListener.log Vededor JVM:                       Oracle Corporation
13-Jul-2025 20:53:41.074 INFO [main] org.apache.catalina.startup.VersionLoggerListener.log CATALINA_BASE:                     C:\Users\Hp\Downloads\drivers\apache-tomcat-9.0.107-windows-x64\apache-tomcat-9.0.107
13-Jul-2025 20:53:41.074 INFO [main] org.apache.catalina.startup.VersionLoggerListener.log CATALINA_HOME:                     C:\Users\Hp\Downloads\drivers\apache-tomcat-9.0.107-windows-x64\apache-tomcat-9.0.107
13-Jul-2025 20:53:41.107 INFO [main] org.apache.catalina.startup.VersionLoggerListener.log Command line argument:             --add-opens=java.base/java.lang=ALL-UNNAMED
13-Jul-2025 20:53:41.108 INFO [main] org.apache.catalina.startup.VersionLoggerListener.log Command line argument:             --add-opens=java.base/java.lang.invoke=ALL-UNNAMED
13-Jul-2025 20:53:41.108 INFO [main] org.apache.catalina.startup.VersionLoggerListener.log Command line argument:             --add-opens=java.base/java.lang.reflect=ALL-UNNAMED
13-Jul-2025 20:53:41.109 INFO [main] org.apache.catalina.startup.VersionLoggerListener.log Command line argument:             --add-opens=java.base/java.io=ALL-UNNAMED
13-Jul-2025 20:53:41.109 INFO [main] org.apache.catalina.startup.VersionLoggerListener.log Command line argument:             --add-opens=java.base/java.util=ALL-UNNAMED
13-Jul-2025 20:53:41.109 INFO [main] org.apache.catalina.startup.VersionLoggerListener.log Command line argument:             --add-opens=java.base/java.util.concurrent=ALL-UNNAMED
13-Jul-2025 20:53:41.109 INFO [main] org.apache.catalina.startup.VersionLoggerListener.log Command line argument:             --add-opens=java.rmi/sun.rmi.transport=ALL-UNNAMED
13-Jul-2025 20:53:41.110 INFO [main] org.apache.catalina.startup.VersionLoggerListener.log Command line argument:             -Djava.util.logging.config.file=C:\Users\Hp\Downloads\drivers\apache-tomcat-9.0.107-windows-x64\apache-tomcat-9.0.107\conf\logging.properties
13-Jul-2025 20:53:41.110 INFO [main] org.apache.catalina.startup.VersionLoggerListener.log Command line argument:             -Djava.util.logging.manager=org.apache.juli.ClassLoaderLogManager
13-Jul-2025 20:53:41.110 INFO [main] org.apache.catalina.startup.VersionLoggerListener.log Command line argument:             -Djdk.tls.ephemeralDHKeySize=2048
13-Jul-2025 20:53:41.111 INFO [main] org.apache.catalina.startup.VersionLoggerListener.log Command line argument:             -Djava.protocol.handler.pkgs=org.apache.catalina.webresources
13-Jul-2025 20:53:41.111 INFO [main] org.apache.catalina.startup.VersionLoggerListener.log Command line argument:             -Dsun.io.useCanonCaches=false
13-Jul-2025 20:53:41.111 INFO [main] org.apache.catalina.startup.VersionLoggerListener.log Command line argument:             -Dignore.endorsed.dirs=
13-Jul-2025 20:53:41.112 INFO [main] org.apache.catalina.startup.VersionLoggerListener.log Command line argument:             -Dcatalina.base=C:\Users\Hp\Downloads\drivers\apache-tomcat-9.0.107-windows-x64\apache-tomcat-9.0.107
13-Jul-2025 20:53:41.234 INFO [main] org.apache.catalina.startup.VersionLoggerListener.log Command line argument:             -Dcatalina.home=C:\Users\Hp\Downloads\drivers\apache-tomcat-9.0.107-windows-x64\apache-tomcat-9.0.107
13-Jul-2025 20:53:41.235 INFO [main] org.apache.catalina.startup.VersionLoggerListener.log Command line argument:             -Djava.io.tmpdir=C:\Users\Hp\Downloads\drivers\apache-tomcat-9.0.107-windows-x64\apache-tomcat-9.0.107\temp
13-Jul-2025 20:53:41.257 INFO [main] org.apache.catalina.core.AprLifecycleListener.lifecycleEvent Cargada la biblioteca nativa APR de Apache Tomcat [1.3.1] con la versión APR [1.7.4].
13-Jul-2025 20:53:41.258 INFO [main] org.apache.catalina.core.AprLifecycleListener.lifecycleEvent Capacidades APR: IPv6 [true], enviar fichero [true], aceptar filtros [false], aleatorio [true], UDS [true].
13-Jul-2025 20:53:41.258 INFO [main] org.apache.catalina.core.AprLifecycleListener.lifecycleEvent APR/OpenSSL configuration: useAprConnector [false], useOpenSSL [true]
13-Jul-2025 20:53:41.314 INFO [main] org.apache.catalina.core.AprLifecycleListener.initializeSSL OpenSSL inicializado correctamente [OpenSSL 3.0.14 4 Jun 2024]
13-Jul-2025 20:53:43.635 INFO [main] org.apache.coyote.AbstractProtocol.init Inicializando el manejador de protocolo ["http-nio-8080"]

13-Jul-2025 20:53:43.779 INFO [main] org.apache.catalina.startup.Catalina.load Server initialization in [4321] milliseconds
13-Jul-2025 20:53:44.533 INFO [main] org.apache.catalina.core.StandardService.startInternal Arrancando servicio [Catalina]
13-Jul-2025 20:53:44.533 INFO [main] org.apache.catalina.core.StandardEngine.startInternal Starting Servlet engine: [Apache Tomcat/9.0.107]
13-Jul-2025 20:53:44.575 INFO [main] org.apache.catalina.startup.HostConfig.deployDescriptor Desplieque del descriptor de configuración [C:\Users\Hp\Downloads\drivers\apache-tomcat-9.0.107-windows-x64\apache-tomcat-9.0.107\conf\Catalina\localhost\metro-linea1.xml]
13-Jul-2025 20:53:44.625 WARNING [main] org.apache.catalina.startup.HostConfig.deployDescriptor The path attribute with value [/metro-linea1] in deployment descriptor [C:\Users\Hp\Downloads\drivers\apache-tomcat-9.0.107-windows-x64\apache-tomcat-9.0.107\conf\Catalina\localhost\metro-linea1.xml] has been ignored
13-Jul-2025 20:53:49.878 INFO [main] org.apache.jasper.servlet.TldScanner.scanJars Al menos un JAR, que se ha explorado buscando TLDs, aún no contenía TLDs. Activar historial de depuración para este historiador para una completa lista de los JARs que fueron explorados y de los que nos se halló TLDs. Saltarse JARs no necesarios durante la exploración puede dar lugar a una mejora de tiempo significativa en el arranque y compilación de JSP .
13-Jul-2025 20:53:50.167 WARNING [main] org.apache.catalina.util.SessionIdGeneratorBase.createSecureRandom Creation of SecureRandom instance for session ID generation using [SHA1PRNG] took [106] milliseconds.
13-Jul-2025 20:53:50.273 INFO [main] org.apache.catalina.startup.HostConfig.deployDescriptor Deployment of deployment descriptor [C:\Users\Hp\Downloads\drivers\apache-tomcat-9.0.107-windows-x64\apache-tomcat-9.0.107\conf\Catalina\localhost\metro-linea1.xml] has finished in [5.698] ms
13-Jul-2025 20:53:50.278 INFO [main] org.apache.catalina.startup.HostConfig.deployDirectory Desplegando el directorio [C:\Users\Hp\Downloads\drivers\apache-tomcat-9.0.107-windows-x64\apache-tomcat-9.0.107\webapps\docs] de la aplicación web
13-Jul-2025 20:53:50.422 INFO [main] org.apache.catalina.startup.HostConfig.deployDirectory Deployment of web application directory [C:\Users\Hp\Downloads\drivers\apache-tomcat-9.0.107-windows-x64\apache-tomcat-9.0.107\webapps\docs] has finished in [145] ms
13-Jul-2025 20:53:50.423 INFO [main] org.apache.catalina.startup.HostConfig.deployDirectory Desplegando el directorio [C:\Users\Hp\Downloads\drivers\apache-tomcat-9.0.107-windows-x64\apache-tomcat-9.0.107\webapps\examples] de la aplicación web
13-Jul-2025 20:53:53.033 INFO [main] org.apache.catalina.startup.HostConfig.deployDirectory Deployment of web application directory [C:\Users\Hp\Downloads\drivers\apache-tomcat-9.0.107-windows-x64\apache-tomcat-9.0.107\webapps\examples] has finished in [2.610] ms
13-Jul-2025 20:53:53.034 INFO [main] org.apache.catalina.startup.HostConfig.deployDirectory Desplegando el directorio [C:\Users\Hp\Downloads\drivers\apache-tomcat-9.0.107-windows-x64\apache-tomcat-9.0.107\webapps\host-manager] de la aplicación web
13-Jul-2025 20:53:53.285 INFO [main] org.apache.catalina.startup.HostConfig.deployDirectory Deployment of web application directory [C:\Users\Hp\Downloads\drivers\apache-tomcat-9.0.107-windows-x64\apache-tomcat-9.0.107\webapps\host-manager] has finished in [251] ms
13-Jul-2025 20:53:53.286 INFO [main] org.apache.catalina.startup.HostConfig.deployDirectory Desplegando el directorio [C:\Users\Hp\Downloads\drivers\apache-tomcat-9.0.107-windows-x64\apache-tomcat-9.0.107\webapps\manager] de la aplicación web
13-Jul-2025 20:53:53.438 INFO [main] org.apache.catalina.startup.HostConfig.deployDirectory Deployment of web application directory [C:\Users\Hp\Downloads\drivers\apache-tomcat-9.0.107-windows-x64\apache-tomcat-9.0.107\webapps\manager] has finished in [152] ms
13-Jul-2025 20:53:53.439 INFO [main] org.apache.catalina.startup.HostConfig.deployDirectory Desplegando el directorio [C:\Users\Hp\Downloads\drivers\apache-tomcat-9.0.107-windows-x64\apache-tomcat-9.0.107\webapps\ROOT] de la aplicación web
13-Jul-2025 20:53:53.559 INFO [main] org.apache.catalina.startup.HostConfig.deployDirectory Deployment of web application directory [C:\Users\Hp\Downloads\drivers\apache-tomcat-9.0.107-windows-x64\apache-tomcat-9.0.107\webapps\ROOT] has finished in [118] ms
13-Jul-2025 20:53:53.654 INFO [main] org.apache.coyote.AbstractProtocol.start Starting ProtocolHandler ["http-nio-8080"]
13-Jul-2025 20:53:53.906 INFO [main] org.apache.catalina.startup.Catalina.start Server startup in [10126] milliseconds
13-Jul-2025 20:54:13.460 INFO [http-nio-8080-exec-1] org.apache.catalina.startup.HostConfig.undeploy Repliegue (undeploy) de la aplicación web que tiene como trayectoria de contexto [/metro-linea1]
13-Jul-2025 20:54:18.752 INFO [http-nio-8080-exec-3] org.apache.catalina.startup.HostConfig.deployDescriptor Desplieque del descriptor de configuración [C:\Users\Hp\Downloads\drivers\apache-tomcat-9.0.107-windows-x64\apache-tomcat-9.0.107\conf\Catalina\localhost\metro-linea1.xml]
13-Jul-2025 20:54:18.755 WARNING [http-nio-8080-exec-3] org.apache.catalina.startup.HostConfig.deployDescriptor The path attribute with value [/metro-linea1] in deployment descriptor [C:\Users\Hp\Downloads\drivers\apache-tomcat-9.0.107-windows-x64\apache-tomcat-9.0.107\conf\Catalina\localhost\metro-linea1.xml] has been ignored
13-Jul-2025 20:54:19.634 INFO [http-nio-8080-exec-3] org.apache.jasper.servlet.TldScanner.scanJars Al menos un JAR, que se ha explorado buscando TLDs, aún no contenía TLDs. Activar historial de depuración para este historiador para una completa lista de los JARs que fueron explorados y de los que nos se halló TLDs. Saltarse JARs no necesarios durante la exploración puede dar lugar a una mejora de tiempo significativa en el arranque y compilación de JSP .
13-Jul-2025 20:54:19.677 INFO [http-nio-8080-exec-3] org.apache.catalina.startup.HostConfig.deployDescriptor Deployment of deployment descriptor [C:\Users\Hp\Downloads\drivers\apache-tomcat-9.0.107-windows-x64\apache-tomcat-9.0.107\conf\Catalina\localhost\metro-linea1.xml] has finished in [925] ms
13-Jul-2025 20:54:19.685 INFO [http-nio-8080-exec-7] org.apache.catalina.util.LifecycleBase.start The start() method was called on component [StandardEngine[Catalina].StandardHost[localhost].StandardContext[/metro-linea1]] after start() had already been called. The second call will be ignored.
13-Jul-2025 22:21:24.075 INFO [http-nio-8080-exec-13] org.apache.catalina.core.StandardContext.reload Ha comenzado la recarga de Contexto [/metro-linea1]
13-Jul-2025 22:21:24.084 WARNING [http-nio-8080-exec-13] org.apache.catalina.loader.WebappClassLoaderBase.clearReferencesJdbc La aplicación web [metro-linea1] registró el conductor JDBC [com.microsoft.sqlserver.jdbc.SQLServerDriver] pero falló al anular el registro mientras la aplicación web estaba parada. Para prevenir un fallo de memoria, se ha anulado el registro del conductor JDBC por la fuerza.
13-Jul-2025 22:21:24.606 INFO [http-nio-8080-exec-13] org.apache.jasper.servlet.TldScanner.scanJars Al menos un JAR, que se ha explorado buscando TLDs, aún no contenía TLDs. Activar historial de depuración para este historiador para una completa lista de los JARs que fueron explorados y de los que nos se halló TLDs. Saltarse JARs no necesarios durante la exploración puede dar lugar a una mejora de tiempo significativa en el arranque y compilación de JSP .
13-Jul-2025 22:21:24.642 INFO [http-nio-8080-exec-13] org.apache.catalina.core.StandardContext.reload Se ha completado la recarga de este Contexto
13-Jul-2025 22:21:38.086 INFO [http-nio-8080-exec-12] org.apache.catalina.core.StandardContext.reload Ha comenzado la recarga de Contexto [/metro-linea1]
13-Jul-2025 22:21:38.425 INFO [http-nio-8080-exec-12] org.apache.jasper.servlet.TldScanner.scanJars Al menos un JAR, que se ha explorado buscando TLDs, aún no contenía TLDs. Activar historial de depuración para este historiador para una completa lista de los JARs que fueron explorados y de los que nos se halló TLDs. Saltarse JARs no necesarios durante la exploración puede dar lugar a una mejora de tiempo significativa en el arranque y compilación de JSP .
13-Jul-2025 22:21:38.447 INFO [http-nio-8080-exec-12] org.apache.catalina.core.StandardContext.reload Se ha completado la recarga de este Contexto
13-Jul-2025 22:26:45.225 INFO [http-nio-8080-exec-26] org.apache.catalina.core.StandardContext.reload Ha comenzado la recarga de Contexto [/metro-linea1]
13-Jul-2025 22:26:45.590 INFO [http-nio-8080-exec-26] org.apache.jasper.servlet.TldScanner.scanJars Al menos un JAR, que se ha explorado buscando TLDs, aún no contenía TLDs. Activar historial de depuración para este historiador para una completa lista de los JARs que fueron explorados y de los que nos se halló TLDs. Saltarse JARs no necesarios durante la exploración puede dar lugar a una mejora de tiempo significativa en el arranque y compilación de JSP .
13-Jul-2025 22:26:45.620 INFO [http-nio-8080-exec-26] org.apache.catalina.core.StandardContext.reload Se ha completado la recarga de este Contexto
13-Jul-2025 22:27:40.317 INFO [http-nio-8080-exec-25] org.apache.catalina.core.StandardContext.reload Ha comenzado la recarga de Contexto [/metro-linea1]
13-Jul-2025 22:27:40.713 INFO [http-nio-8080-exec-25] org.apache.jasper.servlet.TldScanner.scanJars Al menos un JAR, que se ha explorado buscando TLDs, aún no contenía TLDs. Activar historial de depuración para este historiador para una completa lista de los JARs que fueron explorados y de los que nos se halló TLDs. Saltarse JARs no necesarios durante la exploración puede dar lugar a una mejora de tiempo significativa en el arranque y compilación de JSP .
13-Jul-2025 22:27:40.735 INFO [http-nio-8080-exec-25] org.apache.catalina.core.StandardContext.reload Se ha completado la recarga de este Contexto
13-Jul-2025 22:27:41.259 INFO [http-nio-8080-exec-26] org.apache.catalina.startup.HostConfig.undeploy Repliegue (undeploy) de la aplicación web que tiene como trayectoria de contexto [/metro-linea1]
13-Jul-2025 22:27:47.259 INFO [http-nio-8080-exec-27] org.apache.catalina.startup.HostConfig.deployDescriptor Desplieque del descriptor de configuración [C:\Users\Hp\Downloads\drivers\apache-tomcat-9.0.107-windows-x64\apache-tomcat-9.0.107\conf\Catalina\localhost\metro-linea1.xml]
13-Jul-2025 22:27:47.262 WARNING [http-nio-8080-exec-27] org.apache.catalina.startup.HostConfig.deployDescriptor The path attribute with value [/metro-linea1] in deployment descriptor [C:\Users\Hp\Downloads\drivers\apache-tomcat-9.0.107-windows-x64\apache-tomcat-9.0.107\conf\Catalina\localhost\metro-linea1.xml] has been ignored
13-Jul-2025 22:27:48.150 INFO [http-nio-8080-exec-27] org.apache.jasper.servlet.TldScanner.scanJars Al menos un JAR, que se ha explorado buscando TLDs, aún no contenía TLDs. Activar historial de depuración para este historiador para una completa lista de los JARs que fueron explorados y de los que nos se halló TLDs. Saltarse JARs no necesarios durante la exploración puede dar lugar a una mejora de tiempo significativa en el arranque y compilación de JSP .
13-Jul-2025 22:27:48.257 INFO [http-nio-8080-exec-27] org.apache.catalina.startup.HostConfig.deployDescriptor Deployment of deployment descriptor [C:\Users\Hp\Downloads\drivers\apache-tomcat-9.0.107-windows-x64\apache-tomcat-9.0.107\conf\Catalina\localhost\metro-linea1.xml] has finished in [997] ms
13-Jul-2025 22:27:48.264 INFO [http-nio-8080-exec-31] org.apache.catalina.util.LifecycleBase.start The start() method was called on component [StandardEngine[Catalina].StandardHost[localhost].StandardContext[/metro-linea1]] after start() had already been called. The second call will be ignored.
13-Jul-2025 22:32:02.136 INFO [http-nio-8080-exec-31] org.apache.catalina.startup.HostConfig.undeploy Repliegue (undeploy) de la aplicación web que tiene como trayectoria de contexto [/metro-linea1]
13-Jul-2025 22:32:05.341 INFO [http-nio-8080-exec-38] org.apache.catalina.startup.HostConfig.deployDescriptor Desplieque del descriptor de configuración [C:\Users\Hp\Downloads\drivers\apache-tomcat-9.0.107-windows-x64\apache-tomcat-9.0.107\conf\Catalina\localhost\metro-linea1.xml]
13-Jul-2025 22:32:05.342 WARNING [http-nio-8080-exec-38] org.apache.catalina.startup.HostConfig.deployDescriptor The path attribute with value [/metro-linea1] in deployment descriptor [C:\Users\Hp\Downloads\drivers\apache-tomcat-9.0.107-windows-x64\apache-tomcat-9.0.107\conf\Catalina\localhost\metro-linea1.xml] has been ignored
13-Jul-2025 22:32:05.859 INFO [http-nio-8080-exec-38] org.apache.jasper.servlet.TldScanner.scanJars Al menos un JAR, que se ha explorado buscando TLDs, aún no contenía TLDs. Activar historial de depuración para este historiador para una completa lista de los JARs que fueron explorados y de los que nos se halló TLDs. Saltarse JARs no necesarios durante la exploración puede dar lugar a una mejora de tiempo significativa en el arranque y compilación de JSP .
13-Jul-2025 22:32:05.892 INFO [http-nio-8080-exec-38] org.apache.catalina.startup.HostConfig.deployDescriptor Deployment of deployment descriptor [C:\Users\Hp\Downloads\drivers\apache-tomcat-9.0.107-windows-x64\apache-tomcat-9.0.107\conf\Catalina\localhost\metro-linea1.xml] has finished in [550] ms
13-Jul-2025 22:32:05.896 INFO [http-nio-8080-exec-41] org.apache.catalina.util.LifecycleBase.start The start() method was called on component [StandardEngine[Catalina].StandardHost[localhost].StandardContext[/metro-linea1]] after start() had already been called. The second call will be ignored.
13-Jul-2025 22:33:58.680 WARNING [http-nio-8080-exec-46] org.apache.catalina.loader.WebappClassLoaderBase.clearReferencesJdbc La aplicación web [metro-linea1] registró el conductor JDBC [com.microsoft.sqlserver.jdbc.SQLServerDriver] pero falló al anular el registro mientras la aplicación web estaba parada. Para prevenir un fallo de memoria, se ha anulado el registro del conductor JDBC por la fuerza.
13-Jul-2025 22:33:59.197 INFO [http-nio-8080-exec-46] org.apache.catalina.startup.HostConfig.undeploy Repliegue (undeploy) de la aplicación web que tiene como trayectoria de contexto [/metro-linea1]
13-Jul-2025 22:34:02.830 INFO [http-nio-8080-exec-42] org.apache.catalina.startup.HostConfig.deployDescriptor Desplieque del descriptor de configuración [C:\Users\Hp\Downloads\drivers\apache-tomcat-9.0.107-windows-x64\apache-tomcat-9.0.107\conf\Catalina\localhost\metro-linea1.xml]
13-Jul-2025 22:34:02.832 WARNING [http-nio-8080-exec-42] org.apache.catalina.startup.HostConfig.deployDescriptor The path attribute with value [/metro-linea1] in deployment descriptor [C:\Users\Hp\Downloads\drivers\apache-tomcat-9.0.107-windows-x64\apache-tomcat-9.0.107\conf\Catalina\localhost\metro-linea1.xml] has been ignored
13-Jul-2025 22:34:03.408 INFO [http-nio-8080-exec-42] org.apache.jasper.servlet.TldScanner.scanJars Al menos un JAR, que se ha explorado buscando TLDs, aún no contenía TLDs. Activar historial de depuración para este historiador para una completa lista de los JARs que fueron explorados y de los que nos se halló TLDs. Saltarse JARs no necesarios durante la exploración puede dar lugar a una mejora de tiempo significativa en el arranque y compilación de JSP .
13-Jul-2025 22:34:03.439 INFO [http-nio-8080-exec-42] org.apache.catalina.startup.HostConfig.deployDescriptor Deployment of deployment descriptor [C:\Users\Hp\Downloads\drivers\apache-tomcat-9.0.107-windows-x64\apache-tomcat-9.0.107\conf\Catalina\localhost\metro-linea1.xml] has finished in [609] ms
13-Jul-2025 22:34:03.444 INFO [http-nio-8080-exec-50] org.apache.catalina.util.LifecycleBase.start The start() method was called on component [StandardEngine[Catalina].StandardHost[localhost].StandardContext[/metro-linea1]] after start() had already been called. The second call will be ignored.
13-Jul-2025 22:42:20.399 WARNING [http-nio-8080-exec-56] org.apache.catalina.loader.WebappClassLoaderBase.clearReferencesJdbc La aplicación web [metro-linea1] registró el conductor JDBC [com.microsoft.sqlserver.jdbc.SQLServerDriver] pero falló al anular el registro mientras la aplicación web estaba parada. Para prevenir un fallo de memoria, se ha anulado el registro del conductor JDBC por la fuerza.
13-Jul-2025 22:42:20.905 INFO [http-nio-8080-exec-56] org.apache.catalina.startup.HostConfig.undeploy Repliegue (undeploy) de la aplicación web que tiene como trayectoria de contexto [/metro-linea1]
13-Jul-2025 22:42:24.796 INFO [http-nio-8080-exec-58] org.apache.catalina.startup.HostConfig.deployDescriptor Desplieque del descriptor de configuración [C:\Users\Hp\Downloads\drivers\apache-tomcat-9.0.107-windows-x64\apache-tomcat-9.0.107\conf\Catalina\localhost\metro-linea1.xml]
13-Jul-2025 22:42:24.797 WARNING [http-nio-8080-exec-58] org.apache.catalina.startup.HostConfig.deployDescriptor The path attribute with value [/metro-linea1] in deployment descriptor [C:\Users\Hp\Downloads\drivers\apache-tomcat-9.0.107-windows-x64\apache-tomcat-9.0.107\conf\Catalina\localhost\metro-linea1.xml] has been ignored
13-Jul-2025 22:42:25.204 INFO [http-nio-8080-exec-58] org.apache.jasper.servlet.TldScanner.scanJars Al menos un JAR, que se ha explorado buscando TLDs, aún no contenía TLDs. Activar historial de depuración para este historiador para una completa lista de los JARs que fueron explorados y de los que nos se halló TLDs. Saltarse JARs no necesarios durante la exploración puede dar lugar a una mejora de tiempo significativa en el arranque y compilación de JSP .
13-Jul-2025 22:42:25.238 INFO [http-nio-8080-exec-58] org.apache.catalina.startup.HostConfig.deployDescriptor Deployment of deployment descriptor [C:\Users\Hp\Downloads\drivers\apache-tomcat-9.0.107-windows-x64\apache-tomcat-9.0.107\conf\Catalina\localhost\metro-linea1.xml] has finished in [441] ms
13-Jul-2025 22:42:25.243 INFO [http-nio-8080-exec-60] org.apache.catalina.util.LifecycleBase.start The start() method was called on component [StandardEngine[Catalina].StandardHost[localhost].StandardContext[/metro-linea1]] after start() had already been called. The second call will be ignored.
13-Jul-2025 23:06:37.574 WARNING [http-nio-8080-exec-61] org.apache.catalina.loader.WebappClassLoaderBase.clearReferencesJdbc La aplicación web [metro-linea1] registró el conductor JDBC [com.microsoft.sqlserver.jdbc.SQLServerDriver] pero falló al anular el registro mientras la aplicación web estaba parada. Para prevenir un fallo de memoria, se ha anulado el registro del conductor JDBC por la fuerza.
13-Jul-2025 23:06:38.087 INFO [http-nio-8080-exec-61] org.apache.catalina.startup.HostConfig.undeploy Repliegue (undeploy) de la aplicación web que tiene como trayectoria de contexto [/metro-linea1]
13-Jul-2025 23:06:43.499 INFO [http-nio-8080-exec-64] org.apache.catalina.startup.HostConfig.deployDescriptor Desplieque del descriptor de configuración [C:\Users\Hp\Downloads\drivers\apache-tomcat-9.0.107-windows-x64\apache-tomcat-9.0.107\conf\Catalina\localhost\metro-linea1.xml]
13-Jul-2025 23:06:43.502 WARNING [http-nio-8080-exec-64] org.apache.catalina.startup.HostConfig.deployDescriptor The path attribute with value [/metro-linea1] in deployment descriptor [C:\Users\Hp\Downloads\drivers\apache-tomcat-9.0.107-windows-x64\apache-tomcat-9.0.107\conf\Catalina\localhost\metro-linea1.xml] has been ignored
13-Jul-2025 23:06:44.004 INFO [http-nio-8080-exec-64] org.apache.jasper.servlet.TldScanner.scanJars Al menos un JAR, que se ha explorado buscando TLDs, aún no contenía TLDs. Activar historial de depuración para este historiador para una completa lista de los JARs que fueron explorados y de los que nos se halló TLDs. Saltarse JARs no necesarios durante la exploración puede dar lugar a una mejora de tiempo significativa en el arranque y compilación de JSP .
13-Jul-2025 23:06:44.054 INFO [http-nio-8080-exec-64] org.apache.catalina.startup.HostConfig.deployDescriptor Deployment of deployment descriptor [C:\Users\Hp\Downloads\drivers\apache-tomcat-9.0.107-windows-x64\apache-tomcat-9.0.107\conf\Catalina\localhost\metro-linea1.xml] has finished in [554] ms
13-Jul-2025 23:06:44.064 INFO [http-nio-8080-exec-61] org.apache.catalina.util.LifecycleBase.start The start() method was called on component [StandardEngine[Catalina].StandardHost[localhost].StandardContext[/metro-linea1]] after start() had already been called. The second call will be ignored.
13-Jul-2025 23:24:28.154 INFO [http-nio-8080-exec-76] org.apache.catalina.core.StandardContext.reload Ha comenzado la recarga de Contexto [/metro-linea1]
13-Jul-2025 23:24:28.160 WARNING [http-nio-8080-exec-76] org.apache.catalina.loader.WebappClassLoaderBase.clearReferencesJdbc La aplicación web [metro-linea1] registró el conductor JDBC [com.microsoft.sqlserver.jdbc.SQLServerDriver] pero falló al anular el registro mientras la aplicación web estaba parada. Para prevenir un fallo de memoria, se ha anulado el registro del conductor JDBC por la fuerza.
13-Jul-2025 23:24:28.682 INFO [http-nio-8080-exec-76] org.apache.jasper.servlet.TldScanner.scanJars Al menos un JAR, que se ha explorado buscando TLDs, aún no contenía TLDs. Activar historial de depuración para este historiador para una completa lista de los JARs que fueron explorados y de los que nos se halló TLDs. Saltarse JARs no necesarios durante la exploración puede dar lugar a una mejora de tiempo significativa en el arranque y compilación de JSP .
13-Jul-2025 23:24:28.735 INFO [http-nio-8080-exec-76] org.apache.catalina.core.StandardContext.reload Se ha completado la recarga de este Contexto
13-Jul-2025 23:25:13.253 INFO [http-nio-8080-exec-73] org.apache.catalina.startup.HostConfig.undeploy Repliegue (undeploy) de la aplicación web que tiene como trayectoria de contexto [/metro-linea1]
13-Jul-2025 23:25:54.902 INFO [http-nio-8080-exec-73] org.apache.catalina.startup.HostConfig.deployDescriptor Desplieque del descriptor de configuración [C:\Users\Hp\Downloads\drivers\apache-tomcat-9.0.107-windows-x64\apache-tomcat-9.0.107\conf\Catalina\localhost\metro-linea1.xml]
13-Jul-2025 23:25:54.903 WARNING [http-nio-8080-exec-73] org.apache.catalina.startup.HostConfig.deployDescriptor The path attribute with value [/metro-linea1] in deployment descriptor [C:\Users\Hp\Downloads\drivers\apache-tomcat-9.0.107-windows-x64\apache-tomcat-9.0.107\conf\Catalina\localhost\metro-linea1.xml] has been ignored
13-Jul-2025 23:25:55.005 SEVERE [http-nio-8080-exec-73] org.apache.catalina.startup.HostConfig.deployDescriptor Error durante el despliegue del descriptor de configuración [C:\Users\Hp\Downloads\drivers\apache-tomcat-9.0.107-windows-x64\apache-tomcat-9.0.107\conf\Catalina\localhost\metro-linea1.xml]
	java.lang.IllegalStateException: Error starting child
		at org.apache.catalina.core.ContainerBase.addChildInternal(ContainerBase.java:602)
		at org.apache.catalina.core.ContainerBase.addChild(ContainerBase.java:571)
		at org.apache.catalina.core.StandardHost.addChild(StandardHost.java:603)
		at org.apache.catalina.startup.HostConfig.deployDescriptor(HostConfig.java:680)
		at org.apache.catalina.startup.HostConfig.deployApps(HostConfig.java:529)
		at org.apache.catalina.startup.HostConfig.check(HostConfig.java:1653)
		at java.base/jdk.internal.reflect.NativeMethodAccessorImpl.invoke0(Native Method)
		at java.base/jdk.internal.reflect.NativeMethodAccessorImpl.invoke(NativeMethodAccessorImpl.java:77)
		at java.base/jdk.internal.reflect.DelegatingMethodAccessorImpl.invoke(DelegatingMethodAccessorImpl.java:43)
		at java.base/java.lang.reflect.Method.invoke(Method.java:568)
		at org.apache.tomcat.util.modeler.BaseModelMBean.invoke(BaseModelMBean.java:252)
		at java.management/com.sun.jmx.interceptor.DefaultMBeanServerInterceptor.invoke(DefaultMBeanServerInterceptor.java:814)
		at java.management/com.sun.jmx.mbeanserver.JmxMBeanServer.invoke(JmxMBeanServer.java:802)
		at org.apache.catalina.manager.ManagerServlet.check(ManagerServlet.java:1470)
		at org.apache.catalina.manager.ManagerServlet.deploy(ManagerServlet.java:943)
		at org.apache.catalina.manager.ManagerServlet.doGet(ManagerServlet.java:307)
		at javax.servlet.http.HttpServlet.service(HttpServlet.java:529)
		at javax.servlet.http.HttpServlet.service(HttpServlet.java:623)
		at org.apache.catalina.core.ApplicationFilterChain.internalDoFilter(ApplicationFilterChain.java:199)
		at org.apache.catalina.core.ApplicationFilterChain.doFilter(ApplicationFilterChain.java:144)
		at org.apache.tomcat.websocket.server.WsFilter.doFilter(WsFilter.java:51)
		at org.apache.catalina.core.ApplicationFilterChain.internalDoFilter(ApplicationFilterChain.java:168)
		at org.apache.catalina.core.ApplicationFilterChain.doFilter(ApplicationFilterChain.java:144)
		at org.apache.catalina.filters.HttpHeaderSecurityFilter.doFilter(HttpHeaderSecurityFilter.java:129)
		at org.apache.catalina.core.ApplicationFilterChain.internalDoFilter(ApplicationFilterChain.java:168)
		at org.apache.catalina.core.ApplicationFilterChain.doFilter(ApplicationFilterChain.java:144)
		at org.apache.catalina.core.StandardWrapperValve.invoke(StandardWrapperValve.java:168)
		at org.apache.catalina.core.StandardContextValve.invoke(StandardContextValve.java:90)
		at org.apache.catalina.authenticator.AuthenticatorBase.invoke(AuthenticatorBase.java:597)
		at org.apache.catalina.valves.RequestFilterValve.process(RequestFilterValve.java:354)
		at org.apache.catalina.valves.RemoteAddrValve.invoke(RemoteAddrValve.java:54)
		at org.apache.catalina.core.StandardHostValve.invoke(StandardHostValve.java:130)
		at org.apache.catalina.valves.ErrorReportValve.invoke(ErrorReportValve.java:93)
		at org.apache.catalina.valves.AbstractAccessLogValve.invoke(AbstractAccessLogValve.java:656)
		at org.apache.catalina.core.StandardEngineValve.invoke(StandardEngineValve.java:74)
		at org.apache.catalina.connector.CoyoteAdapter.service(CoyoteAdapter.java:346)
		at org.apache.coyote.http11.Http11Processor.service(Http11Processor.java:397)
		at org.apache.coyote.AbstractProcessorLight.process(AbstractProcessorLight.java:63)
		at org.apache.coyote.AbstractProtocol$ConnectionHandler.process(AbstractProtocol.java:935)
		at org.apache.tomcat.util.net.NioEndpoint$SocketProcessor.doRun(NioEndpoint.java:1826)
		at org.apache.tomcat.util.net.SocketProcessorBase.run(SocketProcessorBase.java:52)
		at org.apache.tomcat.util.threads.ThreadPoolExecutor.runWorker(ThreadPoolExecutor.java:1189)
		at org.apache.tomcat.util.threads.ThreadPoolExecutor$Worker.run(ThreadPoolExecutor.java:658)
		at org.apache.tomcat.util.threads.TaskThread$WrappingRunnable.run(TaskThread.java:63)
		at java.base/java.lang.Thread.run(Thread.java:842)
	Caused by: org.apache.catalina.LifecycleException: Failed to start component [StandardEngine[Catalina].StandardHost[localhost].StandardContext[/metro-linea1]]
		at org.apache.catalina.util.LifecycleBase.handleSubClassException(LifecycleBase.java:406)
		at org.apache.catalina.util.LifecycleBase.start(LifecycleBase.java:179)
		at org.apache.catalina.core.ContainerBase.addChildInternal(ContainerBase.java:599)
		... 44 more
	Caused by: java.lang.IllegalArgumentException: Los servlets llamados [PerfilServlet] y [pe.linea1.servlet.PerfilServlet] estan ambos mapeados al patrón de URL [/PerfilServlet] el cual no esta permitido
		at org.apache.tomcat.util.descriptor.web.WebXml.addServletMappingDecoded(WebXml.java:415)
		at org.apache.tomcat.util.descriptor.web.WebXml.addServletMapping(WebXml.java:406)
		at org.apache.catalina.startup.ContextConfig.processAnnotationWebServlet(ContextConfig.java:2555)
		at org.apache.catalina.startup.ContextConfig.processClass(ContextConfig.java:2261)
		at org.apache.catalina.startup.ContextConfig.processAnnotationsStream(ContextConfig.java:2250)
		at org.apache.catalina.startup.ContextConfig.processAnnotationsWebResource(ContextConfig.java:2161)
		at org.apache.catalina.startup.ContextConfig.processAnnotationsWebResource(ContextConfig.java:2156)
		at org.apache.catalina.startup.ContextConfig.processAnnotationsWebResource(ContextConfig.java:2156)
		at org.apache.catalina.startup.ContextConfig.processAnnotationsWebResource(ContextConfig.java:2156)
		at org.apache.catalina.startup.ContextConfig.processClasses(ContextConfig.java:1361)
		at org.apache.catalina.startup.ContextConfig.webConfig(ContextConfig.java:1271)
		at org.apache.catalina.startup.ContextConfig.configureStart(ContextConfig.java:972)
		at org.apache.catalina.startup.ContextConfig.lifecycleEvent(ContextConfig.java:290)
		at org.apache.catalina.util.LifecycleBase.fireLifecycleEvent(LifecycleBase.java:109)
		at org.apache.catalina.core.StandardContext.startInternal(StandardContext.java:4407)
		at org.apache.catalina.util.LifecycleBase.start(LifecycleBase.java:164)
		... 45 more
13-Jul-2025 23:25:55.099 INFO [http-nio-8080-exec-73] org.apache.catalina.startup.HostConfig.deployDescriptor Deployment of deployment descriptor [C:\Users\Hp\Downloads\drivers\apache-tomcat-9.0.107-windows-x64\apache-tomcat-9.0.107\conf\Catalina\localhost\metro-linea1.xml] has finished in [195] ms
13-Jul-2025 23:28:38.142 INFO [http-nio-8080-exec-73] org.apache.catalina.startup.HostConfig.undeploy Repliegue (undeploy) de la aplicación web que tiene como trayectoria de contexto [/metro-linea1]
13-Jul-2025 23:28:42.369 INFO [http-nio-8080-exec-73] org.apache.catalina.startup.HostConfig.deployDescriptor Desplieque del descriptor de configuración [C:\Users\Hp\Downloads\drivers\apache-tomcat-9.0.107-windows-x64\apache-tomcat-9.0.107\conf\Catalina\localhost\metro-linea1.xml]
13-Jul-2025 23:28:42.370 WARNING [http-nio-8080-exec-73] org.apache.catalina.startup.HostConfig.deployDescriptor The path attribute with value [/metro-linea1] in deployment descriptor [C:\Users\Hp\Downloads\drivers\apache-tomcat-9.0.107-windows-x64\apache-tomcat-9.0.107\conf\Catalina\localhost\metro-linea1.xml] has been ignored
13-Jul-2025 23:28:42.767 INFO [http-nio-8080-exec-73] org.apache.jasper.servlet.TldScanner.scanJars Al menos un JAR, que se ha explorado buscando TLDs, aún no contenía TLDs. Activar historial de depuración para este historiador para una completa lista de los JARs que fueron explorados y de los que nos se halló TLDs. Saltarse JARs no necesarios durante la exploración puede dar lugar a una mejora de tiempo significativa en el arranque y compilación de JSP .
13-Jul-2025 23:28:42.785 INFO [http-nio-8080-exec-73] org.apache.catalina.startup.HostConfig.deployDescriptor Deployment of deployment descriptor [C:\Users\Hp\Downloads\drivers\apache-tomcat-9.0.107-windows-x64\apache-tomcat-9.0.107\conf\Catalina\localhost\metro-linea1.xml] has finished in [417] ms
13-Jul-2025 23:28:42.788 INFO [http-nio-8080-exec-81] org.apache.catalina.util.LifecycleBase.start The start() method was called on component [StandardEngine[Catalina].StandardHost[localhost].StandardContext[/metro-linea1]] after start() had already been called. The second call will be ignored.
13-Jul-2025 23:32:14.186 WARNING [http-nio-8080-exec-89] org.apache.catalina.loader.WebappClassLoaderBase.clearReferencesJdbc La aplicación web [metro-linea1] registró el conductor JDBC [com.microsoft.sqlserver.jdbc.SQLServerDriver] pero falló al anular el registro mientras la aplicación web estaba parada. Para prevenir un fallo de memoria, se ha anulado el registro del conductor JDBC por la fuerza.
13-Jul-2025 23:32:14.690 INFO [http-nio-8080-exec-89] org.apache.catalina.startup.HostConfig.undeploy Repliegue (undeploy) de la aplicación web que tiene como trayectoria de contexto [/metro-linea1]
13-Jul-2025 23:32:14.724 INFO [http-nio-8080-exec-88] org.apache.catalina.startup.HostConfig.deployDescriptor Desplieque del descriptor de configuración [C:\Users\Hp\Downloads\drivers\apache-tomcat-9.0.107-windows-x64\apache-tomcat-9.0.107\conf\Catalina\localhost\metro-linea1.xml]
13-Jul-2025 23:32:14.726 WARNING [http-nio-8080-exec-88] org.apache.catalina.startup.HostConfig.deployDescriptor The path attribute with value [/metro-linea1] in deployment descriptor [C:\Users\Hp\Downloads\drivers\apache-tomcat-9.0.107-windows-x64\apache-tomcat-9.0.107\conf\Catalina\localhost\metro-linea1.xml] has been ignored
13-Jul-2025 23:32:14.867 INFO [http-nio-8080-exec-88] org.apache.catalina.startup.HostConfig.deployDescriptor Deployment of deployment descriptor [C:\Users\Hp\Downloads\drivers\apache-tomcat-9.0.107-windows-x64\apache-tomcat-9.0.107\conf\Catalina\localhost\metro-linea1.xml] has finished in [143] ms
13-Jul-2025 23:32:14.870 INFO [http-nio-8080-exec-94] org.apache.catalina.util.LifecycleBase.start The start() method was called on component [StandardEngine[Catalina].StandardHost[localhost].StandardContext[/metro-linea1]] after start() had already been called. The second call will be ignored.
13-Jul-2025 23:32:19.347 INFO [http-nio-8080-exec-93] org.apache.catalina.startup.HostConfig.undeploy Repliegue (undeploy) de la aplicación web que tiene como trayectoria de contexto [/metro-linea1]
13-Jul-2025 23:32:19.360 INFO [http-nio-8080-exec-90] org.apache.catalina.startup.HostConfig.deployDescriptor Desplieque del descriptor de configuración [C:\Users\Hp\Downloads\drivers\apache-tomcat-9.0.107-windows-x64\apache-tomcat-9.0.107\conf\Catalina\localhost\metro-linea1.xml]
13-Jul-2025 23:32:19.362 WARNING [http-nio-8080-exec-90] org.apache.catalina.startup.HostConfig.deployDescriptor The path attribute with value [/metro-linea1] in deployment descriptor [C:\Users\Hp\Downloads\drivers\apache-tomcat-9.0.107-windows-x64\apache-tomcat-9.0.107\conf\Catalina\localhost\metro-linea1.xml] has been ignored
13-Jul-2025 23:32:19.809 INFO [http-nio-8080-exec-90] org.apache.jasper.servlet.TldScanner.scanJars Al menos un JAR, que se ha explorado buscando TLDs, aún no contenía TLDs. Activar historial de depuración para este historiador para una completa lista de los JARs que fueron explorados y de los que nos se halló TLDs. Saltarse JARs no necesarios durante la exploración puede dar lugar a una mejora de tiempo significativa en el arranque y compilación de JSP .
13-Jul-2025 23:32:19.832 INFO [http-nio-8080-exec-90] org.apache.catalina.startup.HostConfig.deployDescriptor Deployment of deployment descriptor [C:\Users\Hp\Downloads\drivers\apache-tomcat-9.0.107-windows-x64\apache-tomcat-9.0.107\conf\Catalina\localhost\metro-linea1.xml] has finished in [472] ms
13-Jul-2025 23:36:18.246 WARNING [http-nio-8080-exec-102] org.apache.catalina.loader.WebappClassLoaderBase.clearReferencesJdbc La aplicación web [metro-linea1] registró el conductor JDBC [com.microsoft.sqlserver.jdbc.SQLServerDriver] pero falló al anular el registro mientras la aplicación web estaba parada. Para prevenir un fallo de memoria, se ha anulado el registro del conductor JDBC por la fuerza.
13-Jul-2025 23:36:18.758 INFO [http-nio-8080-exec-102] org.apache.catalina.startup.HostConfig.undeploy Repliegue (undeploy) de la aplicación web que tiene como trayectoria de contexto [/metro-linea1]
13-Jul-2025 23:36:23.230 INFO [http-nio-8080-exec-108] org.apache.catalina.startup.HostConfig.deployDescriptor Desplieque del descriptor de configuración [C:\Users\Hp\Downloads\drivers\apache-tomcat-9.0.107-windows-x64\apache-tomcat-9.0.107\conf\Catalina\localhost\metro-linea1.xml]
13-Jul-2025 23:36:23.231 WARNING [http-nio-8080-exec-108] org.apache.catalina.startup.HostConfig.deployDescriptor The path attribute with value [/metro-linea1] in deployment descriptor [C:\Users\Hp\Downloads\drivers\apache-tomcat-9.0.107-windows-x64\apache-tomcat-9.0.107\conf\Catalina\localhost\metro-linea1.xml] has been ignored
13-Jul-2025 23:36:23.912 INFO [http-nio-8080-exec-108] org.apache.jasper.servlet.TldScanner.scanJars Al menos un JAR, que se ha explorado buscando TLDs, aún no contenía TLDs. Activar historial de depuración para este historiador para una completa lista de los JARs que fueron explorados y de los que nos se halló TLDs. Saltarse JARs no necesarios durante la exploración puede dar lugar a una mejora de tiempo significativa en el arranque y compilación de JSP .
13-Jul-2025 23:36:23.950 INFO [http-nio-8080-exec-108] org.apache.catalina.startup.HostConfig.deployDescriptor Deployment of deployment descriptor [C:\Users\Hp\Downloads\drivers\apache-tomcat-9.0.107-windows-x64\apache-tomcat-9.0.107\conf\Catalina\localhost\metro-linea1.xml] has finished in [721] ms
13-Jul-2025 23:36:23.955 INFO [http-nio-8080-exec-102] org.apache.catalina.util.LifecycleBase.start The start() method was called on component [StandardEngine[Catalina].StandardHost[localhost].StandardContext[/metro-linea1]] after start() had already been called. The second call will be ignored.
13-Jul-2025 23:40:41.677 WARNING [http-nio-8080-exec-117] org.apache.catalina.loader.WebappClassLoaderBase.clearReferencesJdbc La aplicación web [metro-linea1] registró el conductor JDBC [com.microsoft.sqlserver.jdbc.SQLServerDriver] pero falló al anular el registro mientras la aplicación web estaba parada. Para prevenir un fallo de memoria, se ha anulado el registro del conductor JDBC por la fuerza.
13-Jul-2025 23:40:42.194 INFO [http-nio-8080-exec-117] org.apache.catalina.startup.HostConfig.undeploy Repliegue (undeploy) de la aplicación web que tiene como trayectoria de contexto [/metro-linea1]
13-Jul-2025 23:40:46.372 INFO [http-nio-8080-exec-113] org.apache.catalina.startup.HostConfig.deployDescriptor Desplieque del descriptor de configuración [C:\Users\Hp\Downloads\drivers\apache-tomcat-9.0.107-windows-x64\apache-tomcat-9.0.107\conf\Catalina\localhost\metro-linea1.xml]
13-Jul-2025 23:40:46.374 WARNING [http-nio-8080-exec-113] org.apache.catalina.startup.HostConfig.deployDescriptor The path attribute with value [/metro-linea1] in deployment descriptor [C:\Users\Hp\Downloads\drivers\apache-tomcat-9.0.107-windows-x64\apache-tomcat-9.0.107\conf\Catalina\localhost\metro-linea1.xml] has been ignored
13-Jul-2025 23:40:47.050 INFO [http-nio-8080-exec-113] org.apache.jasper.servlet.TldScanner.scanJars Al menos un JAR, que se ha explorado buscando TLDs, aún no contenía TLDs. Activar historial de depuración para este historiador para una completa lista de los JARs que fueron explorados y de los que nos se halló TLDs. Saltarse JARs no necesarios durante la exploración puede dar lugar a una mejora de tiempo significativa en el arranque y compilación de JSP .
13-Jul-2025 23:40:47.088 INFO [http-nio-8080-exec-113] org.apache.catalina.startup.HostConfig.deployDescriptor Deployment of deployment descriptor [C:\Users\Hp\Downloads\drivers\apache-tomcat-9.0.107-windows-x64\apache-tomcat-9.0.107\conf\Catalina\localhost\metro-linea1.xml] has finished in [716] ms
13-Jul-2025 23:40:47.093 INFO [http-nio-8080-exec-117] org.apache.catalina.util.LifecycleBase.start The start() method was called on component [StandardEngine[Catalina].StandardHost[localhost].StandardContext[/metro-linea1]] after start() had already been called. The second call will be ignored.
13-Jul-2025 23:45:11.028 WARNING [http-nio-8080-exec-119] org.apache.catalina.loader.WebappClassLoaderBase.clearReferencesJdbc La aplicación web [metro-linea1] registró el conductor JDBC [com.microsoft.sqlserver.jdbc.SQLServerDriver] pero falló al anular el registro mientras la aplicación web estaba parada. Para prevenir un fallo de memoria, se ha anulado el registro del conductor JDBC por la fuerza.
13-Jul-2025 23:45:11.539 INFO [http-nio-8080-exec-119] org.apache.catalina.startup.HostConfig.undeploy Repliegue (undeploy) de la aplicación web que tiene como trayectoria de contexto [/metro-linea1]
13-Jul-2025 23:45:15.719 INFO [http-nio-8080-exec-121] org.apache.catalina.startup.HostConfig.deployDescriptor Desplieque del descriptor de configuración [C:\Users\Hp\Downloads\drivers\apache-tomcat-9.0.107-windows-x64\apache-tomcat-9.0.107\conf\Catalina\localhost\metro-linea1.xml]
13-Jul-2025 23:45:15.721 WARNING [http-nio-8080-exec-121] org.apache.catalina.startup.HostConfig.deployDescriptor The path attribute with value [/metro-linea1] in deployment descriptor [C:\Users\Hp\Downloads\drivers\apache-tomcat-9.0.107-windows-x64\apache-tomcat-9.0.107\conf\Catalina\localhost\metro-linea1.xml] has been ignored
13-Jul-2025 23:45:16.432 INFO [http-nio-8080-exec-121] org.apache.jasper.servlet.TldScanner.scanJars Al menos un JAR, que se ha explorado buscando TLDs, aún no contenía TLDs. Activar historial de depuración para este historiador para una completa lista de los JARs que fueron explorados y de los que nos se halló TLDs. Saltarse JARs no necesarios durante la exploración puede dar lugar a una mejora de tiempo significativa en el arranque y compilación de JSP .
13-Jul-2025 23:45:16.469 INFO [http-nio-8080-exec-121] org.apache.catalina.startup.HostConfig.deployDescriptor Deployment of deployment descriptor [C:\Users\Hp\Downloads\drivers\apache-tomcat-9.0.107-windows-x64\apache-tomcat-9.0.107\conf\Catalina\localhost\metro-linea1.xml] has finished in [750] ms
13-Jul-2025 23:45:16.474 INFO [http-nio-8080-exec-129] org.apache.catalina.util.LifecycleBase.start The start() method was called on component [StandardEngine[Catalina].StandardHost[localhost].StandardContext[/metro-linea1]] after start() had already been called. The second call will be ignored.
13-Jul-2025 23:51:17.262 WARNING [http-nio-8080-exec-130] org.apache.catalina.loader.WebappClassLoaderBase.clearReferencesJdbc La aplicación web [metro-linea1] registró el conductor JDBC [com.microsoft.sqlserver.jdbc.SQLServerDriver] pero falló al anular el registro mientras la aplicación web estaba parada. Para prevenir un fallo de memoria, se ha anulado el registro del conductor JDBC por la fuerza.
13-Jul-2025 23:51:17.765 INFO [http-nio-8080-exec-130] org.apache.catalina.startup.HostConfig.undeploy Repliegue (undeploy) de la aplicación web que tiene como trayectoria de contexto [/metro-linea1]
13-Jul-2025 23:51:21.404 INFO [http-nio-8080-exec-133] org.apache.catalina.startup.HostConfig.deployDescriptor Desplieque del descriptor de configuración [C:\Users\Hp\Downloads\drivers\apache-tomcat-9.0.107-windows-x64\apache-tomcat-9.0.107\conf\Catalina\localhost\metro-linea1.xml]
13-Jul-2025 23:51:21.405 WARNING [http-nio-8080-exec-133] org.apache.catalina.startup.HostConfig.deployDescriptor The path attribute with value [/metro-linea1] in deployment descriptor [C:\Users\Hp\Downloads\drivers\apache-tomcat-9.0.107-windows-x64\apache-tomcat-9.0.107\conf\Catalina\localhost\metro-linea1.xml] has been ignored
13-Jul-2025 23:51:21.798 INFO [http-nio-8080-exec-133] org.apache.jasper.servlet.TldScanner.scanJars Al menos un JAR, que se ha explorado buscando TLDs, aún no contenía TLDs. Activar historial de depuración para este historiador para una completa lista de los JARs que fueron explorados y de los que nos se halló TLDs. Saltarse JARs no necesarios durante la exploración puede dar lugar a una mejora de tiempo significativa en el arranque y compilación de JSP .
13-Jul-2025 23:51:21.834 INFO [http-nio-8080-exec-133] org.apache.catalina.startup.HostConfig.deployDescriptor Deployment of deployment descriptor [C:\Users\Hp\Downloads\drivers\apache-tomcat-9.0.107-windows-x64\apache-tomcat-9.0.107\conf\Catalina\localhost\metro-linea1.xml] has finished in [429] ms
13-Jul-2025 23:51:21.838 INFO [http-nio-8080-exec-131] org.apache.catalina.util.LifecycleBase.start The start() method was called on component [StandardEngine[Catalina].StandardHost[localhost].StandardContext[/metro-linea1]] after start() had already been called. The second call will be ignored.
